<?xml version="1.0" encoding="UTF-8"?>
<coverage generated="1564953050571" clover="3.2.0">
  <project timestamp="1564953050571" name="All files">
    <metrics statements="32" coveredstatements="16" conditionals="10" coveredconditionals="3" methods="18" coveredmethods="7" elements="60" coveredelements="26" complexity="0" loc="32" ncloc="32" packages="2" files="2" classes="2"/>
    <package name="dashboard">
      <metrics statements="29" coveredstatements="13" conditionals="10" coveredconditionals="3" methods="17" coveredmethods="6"/>
      <file name="PurchaseCoin.js" path="/Users/collinsijeomah/Documents/html/react-native/coinmanager/src/screens/dashboard/PurchaseCoin.js">
        <metrics statements="29" coveredstatements="13" conditionals="10" coveredconditionals="3" methods="17" coveredmethods="6"/>
        <line num="12" count="2" type="stmt"/>
        <line num="13" count="2" type="stmt"/>
        <line num="23" count="1" type="stmt"/>
        <line num="24" count="0" type="stmt"/>
        <line num="25" count="0" type="cond" truecount="0" falsecount="2"/>
        <line num="26" count="0" type="stmt"/>
        <line num="28" count="0" type="stmt"/>
        <line num="32" count="0" type="stmt"/>
        <line num="40" count="0" type="stmt"/>
        <line num="58" count="2" type="stmt"/>
        <line num="59" count="1" type="stmt"/>
        <line num="60" count="1" type="stmt"/>
        <line num="61" count="1" type="stmt"/>
        <line num="62" count="0" type="cond" truecount="0" falsecount="2"/>
        <line num="63" count="0" type="stmt"/>
        <line num="66" count="0" type="stmt"/>
        <line num="69" count="2" type="stmt"/>
        <line num="70" count="1" type="stmt"/>
        <line num="74" count="3" type="stmt"/>
        <line num="79" count="0" type="stmt"/>
        <line num="87" count="0" type="stmt"/>
        <line num="95" count="0" type="stmt"/>
        <line num="106" count="0" type="stmt"/>
        <line num="111" count="0" type="stmt"/>
        <line num="116" count="0" type="stmt"/>
        <line num="121" count="1" type="stmt"/>
        <line num="129" count="0" type="stmt"/>
        <line num="136" count="1" type="stmt"/>
        <line num="155" count="1" type="stmt"/>
      </file>
    </package>
    <package name="dashboard.components">
      <metrics statements="3" coveredstatements="3" conditionals="0" coveredconditionals="0" methods="1" coveredmethods="1"/>
      <file name="Input.js" path="/Users/collinsijeomah/Documents/html/react-native/coinmanager/src/screens/dashboard/components/Input.js">
        <metrics statements="3" coveredstatements="3" conditionals="0" coveredconditionals="0" methods="1" coveredmethods="1"/>
        <line num="4" count="1" type="stmt"/>
        <line num="7" count="15" type="stmt"/>
        <line num="21" count="1" type="stmt"/>
      </file>
    </package>
  </project>
</coverage>
