TN:
SF:/Users/collinsijeomah/Documents/html/react-native/coinmanager/src/screens/dashboard/PurchaseCoin.js
FN:11,(anonymous_0)
FN:23,(anonymous_1)
FN:24,(anonymous_2)
FN:32,(anonymous_3)
FN:40,(anonymous_4)
FN:58,(anonymous_5)
FN:69,(anonymous_6)
FN:73,(anonymous_7)
FN:79,(anonymous_8)
FN:87,(anonymous_9)
FN:95,(anonymous_10)
FN:106,(anonymous_11)
FN:111,(anonymous_12)
FN:116,(anonymous_13)
FN:121,(anonymous_14)
FN:129,(anonymous_15)
FN:136,(anonymous_16)
FNF:17
FNH:6
FNDA:2,(anonymous_0)
FNDA:0,(anonymous_1)
FNDA:0,(anonymous_2)
FNDA:0,(anonymous_3)
FNDA:0,(anonymous_4)
FNDA:1,(anonymous_5)
FNDA:1,(anonymous_6)
FNDA:3,(anonymous_7)
FNDA:0,(anonymous_8)
FNDA:0,(anonymous_9)
FNDA:0,(anonymous_10)
FNDA:0,(anonymous_11)
FNDA:0,(anonymous_12)
FNDA:0,(anonymous_13)
FNDA:1,(anonymous_14)
FNDA:0,(anonymous_15)
FNDA:1,(anonymous_16)
DA:12,2
DA:13,2
DA:23,1
DA:24,0
DA:25,0
DA:26,0
DA:28,0
DA:32,0
DA:40,0
DA:58,2
DA:59,1
DA:60,1
DA:61,1
DA:62,0
DA:63,0
DA:66,0
DA:69,2
DA:70,1
DA:74,3
DA:79,0
DA:87,0
DA:95,0
DA:106,0
DA:111,0
DA:116,0
DA:121,1
DA:129,0
DA:136,1
DA:155,1
LF:29
LH:13
BRDA:25,0,0,0
BRDA:25,0,1,0
BRDA:62,1,0,0
BRDA:62,1,1,0
BRDA:78,2,0,3
BRDA:78,2,1,0
BRDA:86,3,0,0
BRDA:86,3,1,3
BRDA:94,4,0,0
BRDA:94,4,1,3
BRF:10
BRH:3
end_of_record
TN:
SF:/Users/collinsijeomah/Documents/html/react-native/coinmanager/src/screens/dashboard/components/Input.js
FN:4,(anonymous_0)
FNF:1
FNH:1
FNDA:15,(anonymous_0)
DA:4,1
DA:7,15
DA:21,1
LF:3
LH:3
BRF:0
BRH:0
end_of_record
